# JRE version: OpenJDK Runtime Environment Temurin-17.0.12+7 (17.0.12+7) (build 17.0.12+7)
# Java VM: OpenJDK 64-Bit Server VM Temurin-17.0.12+7 (17.0.12+7, mixed mode, emulated-client, tiered, compressed oops, compressed class ptrs, g1 gc, windows-amd64)
GC Precious Log:
 CPUs: 8 total, 8 available
 Memory: 8083M
 Large Page Support: Disabled
 NUMA Support: Disabled
 Compressed Oops: Enabled (32-bit)
 Heap Region Size: 1M
 Heap Min Capacity: 8M
 Heap Initial Capacity: 128M
 Heap Max Capacity: 1G
 Pre-touch: Disabled
 Parallel Workers: 8
 Concurrent Workers: 2
 Concurrent Refinement Workers: 8
 Periodic GC: Disabled
Heap:
 garbage-first heap   total 75776K, used 34507K [0x00000000c0000000, 0x0000000100000000)
  region size 1024K, 1 young (1024K), 0 survivors (0K)
 Metaspace       used 61755K, committed 62592K, reserved 1114112K
  class space    used 7548K, committed 7872K, reserved 1048576K
GC Heap History (20 events):
Event: 2240.723 GC heap after
{Heap after GC invocations=206 (full 192):
 garbage-first heap   total 75776K, used 34507K [0x00000000c0000000, 0x0000000100000000)
  region size 1024K, 0 young (0K), 0 survivors (0K)
 Metaspace       used 61755K, committed 62592K, reserved 1114112K
  class space    used 7548K, committed 7872K, reserved 1048576K
}
Event: 2250.970 GC heap before
{Heap before GC invocations=206 (full 192):
 garbage-first heap   total 75776K, used 34507K [0x00000000c0000000, 0x0000000100000000)
  region size 1024K, 1 young (1024K), 0 survivors (0K)
 Metaspace       used 61755K, committed 62592K, reserved 1114112K
  class space    used 7548K, committed 7872K, reserved 1048576K
}
Event: 2251.044 GC heap after
{Heap after GC invocations=207 (full 193):
 garbage-first heap   total 75776K, used 34507K [0x00000000c0000000, 0x0000000100000000)
  region size 1024K, 0 young (0K), 0 survivors (0K)
 Metaspace       used 61755K, committed 62592K, reserved 1114112K
  class space    used 7548K, committed 7872K, reserved 1048576K
}
Event: 2261.275 GC heap before
{Heap before GC invocations=207 (full 193):
 garbage-first heap   total 75776K, used 34507K [0x00000000c0000000, 0x0000000100000000)
  region size 1024K, 1 young (1024K), 0 survivors (0K)
 Metaspace       used 61755K, committed 62592K, reserved 1114112K
  class space    used 7548K, committed 7872K, reserved 1048576K
}
Event: 2261.344 GC heap after
{Heap after GC invocations=208 (full 194):
 garbage-first heap   total 75776K, used 34507K [0x00000000c0000000, 0x0000000100000000)
  region size 1024K, 0 young (0K), 0 survivors (0K)
 Metaspace       used 61755K, committed 62592K, reserved 1114112K
  class space    used 7548K, committed 7872K, reserved 1048576K
}
Event: 2271.594 GC heap before
{Heap before GC invocations=208 (full 194):
 garbage-first heap   total 75776K, used 34507K [0x00000000c0000000, 0x0000000100000000)
  region size 1024K, 1 young (1024K), 0 survivors (0K)
 Metaspace       used 61755K, committed 62592K, reserved 1114112K
  class space    used 7548K, committed 7872K, reserved 1048576K
}
Event: 2271.673 GC heap after
{Heap after GC invocations=209 (full 195):
 garbage-first heap   total 75776K, used 34507K [0x00000000c0000000, 0x0000000100000000)
  region size 1024K, 0 young (0K), 0 survivors (0K)
 Metaspace       used 61755K, committed 62592K, reserved 1114112K
  class space    used 7548K, committed 7872K, reserved 1048576K
}
Event: 2281.934 GC heap before
{Heap before GC invocations=209 (full 195):
 garbage-first heap   total 75776K, used 34507K [0x00000000c0000000, 0x0000000100000000)
  region size 1024K, 1 young (1024K), 0 survivors (0K)
 Metaspace       used 61755K, committed 62592K, reserved 1114112K
  class space    used 7548K, committed 7872K, reserved 1048576K
}
Event: 2282.010 GC heap after
{Heap after GC invocations=210 (full 196):
 garbage-first heap   total 75776K, used 34507K [0x00000000c0000000, 0x0000000100000000)
  region size 1024K, 0 young (0K), 0 survivors (0K)
 Metaspace       used 61755K, committed 62592K, reserved 1114112K
  class space    used 7548K, committed 7872K, reserved 1048576K
}
Event: 2292.324 GC heap before
{Heap before GC invocations=210 (full 196):
 garbage-first heap   total 75776K, used 34507K [0x00000000c0000000, 0x0000000100000000)
  region size 1024K, 1 young (1024K), 0 survivors (0K)
 Metaspace       used 61755K, committed 62592K, reserved 1114112K
  class space    used 7548K, committed 7872K, reserved 1048576K
}
Event: 2292.406 GC heap after
{Heap after GC invocations=211 (full 197):
 garbage-first heap   total 75776K, used 34507K [0x00000000c0000000, 0x0000000100000000)
  region size 1024K, 0 young (0K), 0 survivors (0K)
 Metaspace       used 61755K, committed 62592K, reserved 1114112K
  class space    used 7548K, committed 7872K, reserved 1048576K
}
Event: 2302.666 GC heap before
{Heap before GC invocations=211 (full 197):
 garbage-first heap   total 75776K, used 34507K [0x00000000c0000000, 0x0000000100000000)
  region size 1024K, 1 young (1024K), 0 survivors (0K)
 Metaspace       used 61755K, committed 62592K, reserved 1114112K
  class space    used 7548K, committed 7872K, reserved 1048576K
}
Event: 2302.750 GC heap after
{Heap after GC invocations=212 (full 198):
 garbage-first heap   total 75776K, used 34507K [0x00000000c0000000, 0x0000000100000000)
  region size 1024K, 0 young (0K), 0 survivors (0K)
 Metaspace       used 61755K, committed 62592K, reserved 1114112K
  class space    used 7548K, committed 7872K, reserved 1048576K
}
Event: 2313.079 GC heap before
{Heap before GC invocations=212 (full 198):
 garbage-first heap   total 75776K, used 34507K [0x00000000c0000000, 0x0000000100000000)
  region size 1024K, 1 young (1024K), 0 survivors (0K)
 Metaspace       used 61755K, committed 62592K, reserved 1114112K
  class space    used 7548K, committed 7872K, reserved 1048576K
}
Event: 2313.148 GC heap after
{Heap after GC invocations=213 (full 199):
 garbage-first heap   total 75776K, used 34507K [0x00000000c0000000, 0x0000000100000000)
  region size 1024K, 0 young (0K), 0 survivors (0K)
 Metaspace       used 61755K, committed 62592K, reserved 1114112K
  class space    used 7548K, committed 7872K, reserved 1048576K
}
Event: 2323.387 GC heap before
{Heap before GC invocations=213 (full 199):
 garbage-first heap   total 75776K, used 34507K [0x00000000c0000000, 0x0000000100000000)
  region size 1024K, 1 young (1024K), 0 survivors (0K)
 Metaspace       used 61755K, committed 62592K, reserved 1114112K
  class space    used 7548K, committed 7872K, reserved 1048576K
}
Event: 2323.467 GC heap after
{Heap after GC invocations=214 (full 200):
 garbage-first heap   total 75776K, used 34507K [0x00000000c0000000, 0x0000000100000000)
  region size 1024K, 0 young (0K), 0 survivors (0K)
 Metaspace       used 61755K, committed 62592K, reserved 1114112K
  class space    used 7548K, committed 7872K, reserved 1048576K
}
Event: 2333.761 GC heap before
{Heap before GC invocations=214 (full 200):
 garbage-first heap   total 75776K, used 34507K [0x00000000c0000000, 0x0000000100000000)
  region size 1024K, 1 young (1024K), 0 survivors (0K)
 Metaspace       used 61755K, committed 62592K, reserved 1114112K
  class space    used 7548K, committed 7872K, reserved 1048576K
}
Event: 2333.836 GC heap after
{Heap after GC invocations=215 (full 201):
 garbage-first heap   total 75776K, used 34507K [0x00000000c0000000, 0x0000000100000000)
  region size 1024K, 0 young (0K), 0 survivors (0K)
 Metaspace       used 61755K, committed 62592K, reserved 1114112K
  class space    used 7548K, committed 7872K, reserved 1048576K
}
Event: 2344.121 GC heap before
{Heap before GC invocations=215 (full 201):
 garbage-first heap   total 75776K, used 34507K [0x00000000c0000000, 0x0000000100000000)
  region size 1024K, 1 young (1024K), 0 survivors (0K)
 Metaspace       used 61755K, committed 62592K, reserved 1114112K
  class space    used 7548K, committed 7872K, reserved 1048576K
}

